###############################################################################
#                                                                             #
# IAR C/C++ Compiler V8.10.1.10194/W32 for 8051         29/Dec/2020  00:18:26 #
# Copyright 2004-2011 IAR Systems AB.                                         #
#                                                                             #
#    Core               =  plain                                              #
#    Code model         =  banked                                             #
#    Data model         =  large                                              #
#    Calling convention =  xdata reentrant                                    #
#    Constant location  =  data_rom                                           #
#    Dptr setup         =  1,16                                               #
#    Source file        =  D:\developer_tool_install\IAR\ZStack-CC2530-2.5.1a #
#                          \Components\stack\sys\ZGlobals.c                   #
#    Command line       =  -f D:\developer_tool_install\IAR\ZStack-CC2530-2.5 #
#                          .1a\Projects\zstack\Samples\SmartHome\CC2530DB\..\ #
#                          ..\..\Tools\CC2530DB\f8wCoord.cfg (-DCPU32MHZ      #
#                          -DROOT=__near_func -DMAC_CFG_APP_PENDING_QUEUE=TRU #
#                          E -DMAC_CFG_TX_DATA_MAX=5 -DMAC_CFG_TX_MAX=8       #
#                          -DMAC_CFG_RX_MAX=5 -DZDO_COORDINATOR -DRTR_NWK)    #
#                          -f D:\developer_tool_install\IAR\ZStack-CC2530-2.5 #
#                          .1a\Projects\zstack\Samples\SmartHome\CC2530DB\..\ #
#                          ..\..\Tools\CC2530DB\f8wConfig.cfg (-DZIGBEEPRO    #
#                          -DSECURE=0 -DZG_SECURE_DYNAMIC=0 -DREFLECTOR       #
#                          -DDEFAULT_CHANLIST=0x00010000                      #
#                          -DZDAPP_CONFIG_PAN_ID=0xFFAA                       #
#                          -DNWK_START_DELAY=100 -DEXTENDED_JOINING_RANDOM_MA #
#                          SK=0x007F -DBEACON_REQUEST_DELAY=100               #
#                          -DBEACON_REQ_DELAY_MASK=0x00FF                     #
#                          -DLINK_STATUS_JITTER_MASK=0x007F                   #
#                          -DROUTE_EXPIRY_TIME=30 -DAPSC_ACK_WAIT_DURATION_PO #
#                          LLED=3000 -DNWK_INDIRECT_MSG_TIMEOUT=7             #
#                          -DMAX_RREQ_ENTRIES=8 -DAPSC_MAX_FRAME_RETRIES=3    #
#                          -DNWK_MAX_DATA_RETRIES=2                           #
#                          -DMAX_POLL_FAILURE_RETRIES=2 -DMAX_BCAST=9         #
#                          -DAPS_MAX_GROUPS=16 -DMAX_RTG_ENTRIES=40           #
#                          -DNWK_MAX_BINDING_ENTRIES=4                        #
#                          -DMAX_BINDING_CLUSTER_IDS=4 "-DDEFAULT_KEY={0x01,  #
#                          0x03, 0x05, 0x07, 0x09, 0x0B, 0x0D, 0x0F, 0x00,    #
#                          0x02, 0x04, 0x06, 0x08, 0x0A, 0x0C, 0x0D}"         #
#                          -DMAC_MAX_FRAME_SIZE=116                           #
#                          -DZDNWKMGR_MIN_TRANSMISSIONS=20 "-DCONST=const     #
#                          __code" -DGENERIC=__generic                        #
#                          -DRFD_RCVC_ALWAYS_ON=FALSE -DPOLL_RATE=1000        #
#                          -DQUEUED_POLL_RATE=100 -DRESPONSE_POLL_RATE=100)   #
#                          -DREJOIN_POLL_RATE=440 D:\developer_tool_install\I #
#                          AR\ZStack-CC2530-2.5.1a\Components\stack\sys\ZGlob #
#                          als.c -D ZTOOL_P2 -D xMT_TASK -D xMT_SYS_FUNC -D   #
#                          xMT_ZDO_FUNC -D xLCD_SUPPORTED=DEBUG -lC           #
#                          D:\developer_tool_install\IAR\ZStack-CC2530-2.5.1a #
#                          \Projects\zstack\Samples\SmartHome\CC2530DB\Coordi #
#                          natorEB\List\ -lA D:\developer_tool_install\IAR\ZS #
#                          tack-CC2530-2.5.1a\Projects\zstack\Samples\SmartHo #
#                          me\CC2530DB\CoordinatorEB\List\ --diag_suppress    #
#                          Pe001,Pa010 -o D:\developer_tool_install\IAR\ZStac #
#                          k-CC2530-2.5.1a\Projects\zstack\Samples\SmartHome\ #
#                          CC2530DB\CoordinatorEB\Obj\ -e --no_code_motion    #
#                          --debug --core=plain --dptr=16,1                   #
#                          --data_model=large --code_model=banked             #
#                          --calling_convention=xdata_reentrant               #
#                          --place_constants=data_rom --nr_virtual_regs 16    #
#                          -I D:\developer_tool_install\IAR\ZStack-CC2530-2.5 #
#                          .1a\Projects\zstack\Samples\SmartHome\CC2530DB\    #
#                          -I D:\developer_tool_install\IAR\ZStack-CC2530-2.5 #
#                          .1a\Projects\zstack\Samples\SmartHome\CC2530DB\..\ #
#                          Source\ -I D:\developer_tool_install\IAR\ZStack-CC #
#                          2530-2.5.1a\Projects\zstack\Samples\SmartHome\CC25 #
#                          30DB\..\..\..\ZMain\TI2530DB\ -I                   #
#                          D:\developer_tool_install\IAR\ZStack-CC2530-2.5.1a #
#                          \Projects\zstack\Samples\SmartHome\CC2530DB\..\..\ #
#                          ..\..\..\Components\hal\include\ -I                #
#                          D:\developer_tool_install\IAR\ZStack-CC2530-2.5.1a #
#                          \Projects\zstack\Samples\SmartHome\CC2530DB\..\..\ #
#                          ..\..\..\Components\hal\target\CC2530EB\ -I        #
#                          D:\developer_tool_install\IAR\ZStack-CC2530-2.5.1a #
#                          \Projects\zstack\Samples\SmartHome\CC2530DB\..\..\ #
#                          ..\..\..\Components\mac\include\ -I                #
#                          D:\developer_tool_install\IAR\ZStack-CC2530-2.5.1a #
#                          \Projects\zstack\Samples\SmartHome\CC2530DB\..\..\ #
#                          ..\..\..\Components\mac\high_level\ -I             #
#                          D:\developer_tool_install\IAR\ZStack-CC2530-2.5.1a #
#                          \Projects\zstack\Samples\SmartHome\CC2530DB\..\..\ #
#                          ..\..\..\Components\mac\low_level\srf04\ -I        #
#                          D:\developer_tool_install\IAR\ZStack-CC2530-2.5.1a #
#                          \Projects\zstack\Samples\SmartHome\CC2530DB\..\..\ #
#                          ..\..\..\Components\mac\low_level\srf04\single_chi #
#                          p\ -I D:\developer_tool_install\IAR\ZStack-CC2530- #
#                          2.5.1a\Projects\zstack\Samples\SmartHome\CC2530DB\ #
#                          ..\..\..\..\..\Components\mt\ -I                   #
#                          D:\developer_tool_install\IAR\ZStack-CC2530-2.5.1a #
#                          \Projects\zstack\Samples\SmartHome\CC2530DB\..\..\ #
#                          ..\..\..\Components\osal\include\ -I               #
#                          D:\developer_tool_install\IAR\ZStack-CC2530-2.5.1a #
#                          \Projects\zstack\Samples\SmartHome\CC2530DB\..\..\ #
#                          ..\..\..\Components\services\saddr\ -I             #
#                          D:\developer_tool_install\IAR\ZStack-CC2530-2.5.1a #
#                          \Projects\zstack\Samples\SmartHome\CC2530DB\..\..\ #
#                          ..\..\..\Components\services\sdata\ -I             #
#                          D:\developer_tool_install\IAR\ZStack-CC2530-2.5.1a #
#                          \Projects\zstack\Samples\SmartHome\CC2530DB\..\..\ #
#                          ..\..\..\Components\stack\af\ -I                   #
#                          D:\developer_tool_install\IAR\ZStack-CC2530-2.5.1a #
#                          \Projects\zstack\Samples\SmartHome\CC2530DB\..\..\ #
#                          ..\..\..\Components\stack\nwk\ -I                  #
#                          D:\developer_tool_install\IAR\ZStack-CC2530-2.5.1a #
#                          \Projects\zstack\Samples\SmartHome\CC2530DB\..\..\ #
#                          ..\..\..\Components\stack\sapi\ -I                 #
#                          D:\developer_tool_install\IAR\ZStack-CC2530-2.5.1a #
#                          \Projects\zstack\Samples\SmartHome\CC2530DB\..\..\ #
#                          ..\..\..\Components\stack\sec\ -I                  #
#                          D:\developer_tool_install\IAR\ZStack-CC2530-2.5.1a #
#                          \Projects\zstack\Samples\SmartHome\CC2530DB\..\..\ #
#                          ..\..\..\Components\stack\sys\ -I                  #
#                          D:\developer_tool_install\IAR\ZStack-CC2530-2.5.1a #
#                          \Projects\zstack\Samples\SmartHome\CC2530DB\..\..\ #
#                          ..\..\..\Components\stack\zdo\ -I                  #
#                          D:\developer_tool_install\IAR\ZStack-CC2530-2.5.1a #
#                          \Projects\zstack\Samples\SmartHome\CC2530DB\..\..\ #
#                          ..\..\..\Components\zmac\ -I                       #
#                          D:\developer_tool_install\IAR\ZStack-CC2530-2.5.1a #
#                          \Projects\zstack\Samples\SmartHome\CC2530DB\..\..\ #
#                          ..\..\..\Components\zmac\f8w\ -Ohz                 #
#                          --require_prototypes                               #
#    List file          =  D:\developer_tool_install\IAR\ZStack-CC2530-2.5.1a #
#                          \Projects\zstack\Samples\SmartHome\CC2530DB\Coordi #
#                          natorEB\List\ZGlobals.lst                          #
#    Object file        =  D:\developer_tool_install\IAR\ZStack-CC2530-2.5.1a #
#                          \Projects\zstack\Samples\SmartHome\CC2530DB\Coordi #
#                          natorEB\Obj\ZGlobals.r51                           #
#                                                                             #
#                                                                             #
###############################################################################

D:\developer_tool_install\IAR\ZStack-CC2530-2.5.1a\Components\stack\sys\ZGlobals.c
      1          /**************************************************************************************************
      2            Filename:       ZGlobals.c
      3            Revised:        $Date: 2012-04-02 17:02:19 -0700 (Mon, 02 Apr 2012) $
      4            Revision:       $Revision: 29996 $
      5          
      6            Description:    User definable Z-Stack parameters.
      7          
      8          
      9            Copyright 2007-2011 Texas Instruments Incorporated. All rights reserved.
     10          
     11            IMPORTANT: Your use of this Software is limited to those specific rights
     12            granted under the terms of a software license agreement between the user
     13            who downloaded the software, his/her employer (which must be your employer)
     14            and Texas Instruments Incorporated (the "License").  You may not use this
     15            Software unless you agree to abide by the terms of the License. The License
     16            limits your use, and you acknowledge, that the Software may not be modified,
     17            copied or distributed unless embedded on a Texas Instruments microcontroller
     18            or used solely and exclusively in conjunction with a Texas Instruments radio
     19            frequency transceiver, which is integrated into your product. Other than for
     20            the foregoing purpose, you may not use, reproduce, copy, prepare derivative
     21            works of, modify, distribute, perform, display or sell this Software and/or
     22            its documentation for any purpose.
     23          
     24            YOU FURTHER ACKNOWLEDGE AND AGREE THAT THE SOFTWARE AND DOCUMENTATION ARE
     25            PROVIDED “AS IS” WITHOUT WARRANTY OF ANY KIND, EITHER EXPRESS OR IMPLIED,
     26            INCLUDING WITHOUT LIMITATION, ANY WARRANTY OF MERCHANTABILITY, TITLE,
     27            NON-INFRINGEMENT AND FITNESS FOR A PARTICULAR PURPOSE. IN NO EVENT SHALL
     28            TEXAS INSTRUMENTS OR ITS LICENSORS BE LIABLE OR OBLIGATED UNDER CONTRACT,
     29            NEGLIGENCE, STRICT LIABILITY, CONTRIBUTION, BREACH OF WARRANTY, OR OTHER
     30            LEGAL EQUITABLE THEORY ANY DIRECT OR INDIRECT DAMAGES OR EXPENSES
     31            INCLUDING BUT NOT LIMITED TO ANY INCIDENTAL, SPECIAL, INDIRECT, PUNITIVE
     32            OR CONSEQUENTIAL DAMAGES, LOST PROFITS OR LOST DATA, COST OF PROCUREMENT
     33            OF SUBSTITUTE GOODS, TECHNOLOGY, SERVICES, OR ANY CLAIMS BY THIRD PARTIES
     34            (INCLUDING BUT NOT LIMITED TO ANY DEFENSE THEREOF), OR OTHER SIMILAR COSTS.
     35          
     36            Should you have any questions regarding your right to use this Software,
     37            contact Texas Instruments Incorporated at www.TI.com.
     38          **************************************************************************************************/
     39          
     40          /*********************************************************************
     41           * INCLUDES
     42           */
     43          
     44          #include "ZComDef.h"
     45          #include "OSAL_Nv.h"
     46          #include "ZDObject.h"
     47          #include "ZGlobals.h"
     48          #include "ZDNwkMgr.h"
     49          #include "OnBoard.h"
     50          #include "ZDSecMgr.h"
     51          
     52          /*********************************************************************
     53           * MACROS
     54           */
     55          
     56          /*********************************************************************
     57           * CONSTANTS
     58           */
     59          
     60          /*********************************************************************
     61           * TYPEDEFS
     62           */
     63          
     64          typedef struct zgItem
     65          {
     66            uint16 id;
     67            uint16 len;
     68            void *buf;
     69          } zgItem_t;
     70          
     71          /*********************************************************************
     72           * NWK GLOBAL VARIABLES
     73           */
     74          
     75          // Polling values

   \                                 In  segment XDATA_I, align 1, keep-with-next
     76          uint16 zgPollRate = POLL_RATE;
   \                     zgPollRate:
   \   000000                DS 2
   \   000002                REQUIRE `?<Initializer for zgPollRate>`
   \   000002                REQUIRE __INIT_XDATA_I

   \                                 In  segment XDATA_I, align 1, keep-with-next
     77          uint16 zgQueuedPollRate = QUEUED_POLL_RATE;
   \                     zgQueuedPollRate:
   \   000000                DS 2
   \   000002                REQUIRE `?<Initializer for zgQueuedPollRate>`
   \   000002                REQUIRE __INIT_XDATA_I

   \                                 In  segment XDATA_I, align 1, keep-with-next
     78          uint16 zgResponsePollRate = RESPONSE_POLL_RATE;
   \                     zgResponsePollRate:
   \   000000                DS 2
   \   000002                REQUIRE `?<Initializer for zgResponsePollRate>`
   \   000002                REQUIRE __INIT_XDATA_I

   \                                 In  segment XDATA_I, align 1, keep-with-next
     79          uint16 zgRejoinPollRate = REJOIN_POLL_RATE;
   \                     zgRejoinPollRate:
   \   000000                DS 2
   \   000002                REQUIRE `?<Initializer for zgRejoinPollRate>`
   \   000002                REQUIRE __INIT_XDATA_I
     80          
     81          // Transmission retries numbers

   \                                 In  segment XDATA_I, align 1, keep-with-next
     82          uint8 zgMaxDataRetries = NWK_MAX_DATA_RETRIES;
   \                     zgMaxDataRetries:
   \   000000                DS 1
   \   000001                REQUIRE `?<Initializer for zgMaxDataRetries>`
   \   000001                REQUIRE __INIT_XDATA_I

   \                                 In  segment XDATA_I, align 1, keep-with-next
     83          uint8 zgMaxPollFailureRetries = MAX_POLL_FAILURE_RETRIES;
   \                     zgMaxPollFailureRetries:
   \   000000                DS 1
   \   000001                REQUIRE `?<Initializer for zgMaxPollFailureRetries>`
   \   000001                REQUIRE __INIT_XDATA_I
     84          
     85          // Default channel list

   \                                 In  segment XDATA_I, align 1, keep-with-next
     86          uint32 zgDefaultChannelList = DEFAULT_CHANLIST;
   \                     zgDefaultChannelList:
   \   000000                DS 4
   \   000004                REQUIRE `?<Initializer for zgDefaultChannelList>`
   \   000004                REQUIRE __INIT_XDATA_I
     87          
     88          // Default starting scan duration

   \                                 In  segment XDATA_I, align 1, keep-with-next
     89          uint8 zgDefaultStartingScanDuration = STARTING_SCAN_DURATION;
   \                     zgDefaultStartingScanDuration:
   \   000000                DS 1
   \   000001                REQUIRE `?<Initializer for zgDefaultStartingScanDuratio`
   \   000001                REQUIRE __INIT_XDATA_I
     90          
     91          // Stack profile Id

   \                                 In  segment XDATA_I, align 1, keep-with-next
     92          uint8 zgStackProfile = STACK_PROFILE_ID;
   \                     zgStackProfile:
   \   000000                DS 1
   \   000001                REQUIRE `?<Initializer for zgStackProfile>`
   \   000001                REQUIRE __INIT_XDATA_I
     93          
     94          // Default indirect message holding timeout

   \                                 In  segment XDATA_I, align 1, keep-with-next
     95          uint8 zgIndirectMsgTimeout = NWK_INDIRECT_MSG_TIMEOUT;
   \                     zgIndirectMsgTimeout:
   \   000000                DS 1
   \   000001                REQUIRE `?<Initializer for zgIndirectMsgTimeout>`
   \   000001                REQUIRE __INIT_XDATA_I
     96          
     97          // Security mode

   \                                 In  segment XDATA_Z, align 1, keep-with-next
     98          uint8 zgSecurityMode = ZG_SECURITY_MODE;
   \                     zgSecurityMode:
   \   000000                DS 1
   \   000001                REQUIRE __INIT_XDATA_Z
     99          
    100          // Secure permit join

   \                                 In  segment XDATA_I, align 1, keep-with-next
    101          uint8 zgSecurePermitJoin = true;
   \                     zgSecurePermitJoin:
   \   000000                DS 1
   \   000001                REQUIRE `?<Initializer for zgSecurePermitJoin>`
   \   000001                REQUIRE __INIT_XDATA_I
    102          
    103          // Trust center address

   \                                 In  segment XDATA_Z, align 1, keep-with-next
    104          uint16 zgTrustCenterAddr = ZG_TRUSTCENTER_ADDR;
   \                     zgTrustCenterAddr:
   \   000000                DS 2
   \   000002                REQUIRE __INIT_XDATA_Z
    105          
    106          // Route Discovery Time - amount of time that a route request lasts

   \                                 In  segment XDATA_I, align 1, keep-with-next
    107          uint8 zgRouteDiscoveryTime = ROUTE_DISCOVERY_TIME;
   \                     zgRouteDiscoveryTime:
   \   000000                DS 1
   \   000001                REQUIRE `?<Initializer for zgRouteDiscoveryTime>`
   \   000001                REQUIRE __INIT_XDATA_I
    108          
    109          // Route expiry

   \                                 In  segment XDATA_I, align 1, keep-with-next
    110          uint8 zgRouteExpiryTime = ROUTE_EXPIRY_TIME;
   \                     zgRouteExpiryTime:
   \   000000                DS 1
   \   000001                REQUIRE `?<Initializer for zgRouteExpiryTime>`
   \   000001                REQUIRE __INIT_XDATA_I
    111          
    112          // Extended PAN Id

   \                                 In  segment XDATA_Z, align 1, keep-with-next
    113          uint8 zgExtendedPANID[Z_EXTADDR_LEN];
   \                     zgExtendedPANID:
   \   000000                DS 8
   \   000008                REQUIRE __INIT_XDATA_Z
    114          
    115          // Broadcast parameters

   \                                 In  segment XDATA_I, align 1, keep-with-next
    116          uint8 zgMaxBcastRetires   = MAX_BCAST_RETRIES;
   \                     zgMaxBcastRetires:
   \   000000                DS 1
   \   000001                REQUIRE `?<Initializer for zgMaxBcastRetires>`
   \   000001                REQUIRE __INIT_XDATA_I

   \                                 In  segment XDATA_I, align 1, keep-with-next
    117          uint8 zgPassiveAckTimeout = PASSIVE_ACK_TIMEOUT;
   \                     zgPassiveAckTimeout:
   \   000000                DS 1
   \   000001                REQUIRE `?<Initializer for zgPassiveAckTimeout>`
   \   000001                REQUIRE __INIT_XDATA_I

   \                                 In  segment XDATA_I, align 1, keep-with-next
    118          uint8 zgBcastDeliveryTime = BCAST_DELIVERY_TIME;
   \                     zgBcastDeliveryTime:
   \   000000                DS 1
   \   000001                REQUIRE `?<Initializer for zgBcastDeliveryTime>`
   \   000001                REQUIRE __INIT_XDATA_I
    119          
    120          // Network mode

   \                                 In  segment XDATA_I, align 1, keep-with-next
    121          uint8 zgNwkMode = NWK_MODE;
   \                     zgNwkMode:
   \   000000                DS 1
   \   000001                REQUIRE `?<Initializer for zgNwkMode>`
   \   000001                REQUIRE __INIT_XDATA_I
    122          
    123          // Many-to-one values

   \                                 In  segment XDATA_Z, align 1, keep-with-next
    124          uint8 zgConcentratorEnable = CONCENTRATOR_ENABLE;
   \                     zgConcentratorEnable:
   \   000000                DS 1
   \   000001                REQUIRE __INIT_XDATA_Z

   \                                 In  segment XDATA_Z, align 1, keep-with-next
    125          uint8 zgConcentratorDiscoveryTime = CONCENTRATOR_DISCOVERY_TIME;
   \                     zgConcentratorDiscoveryTime:
   \   000000                DS 1
   \   000001                REQUIRE __INIT_XDATA_Z

   \                                 In  segment XDATA_I, align 1, keep-with-next
    126          uint8 zgConcentratorRadius = CONCENTRATOR_RADIUS;
   \                     zgConcentratorRadius:
   \   000000                DS 1
   \   000001                REQUIRE `?<Initializer for zgConcentratorRadius>`
   \   000001                REQUIRE __INIT_XDATA_I

   \                                 In  segment XDATA_Z, align 1, keep-with-next
    127          uint8 zgConcentratorRC = CONCENTRATOR_ROUTE_CACHE;   // concentrator with route cache (no memory constraints)
   \                     zgConcentratorRC:
   \   000000                DS 1
   \   000001                REQUIRE __INIT_XDATA_Z

   \                                 In  segment XDATA_I, align 1, keep-with-next
    128          uint8 zgNwkSrcRtgExpiryTime = SRC_RTG_EXPIRY_TIME;
   \                     zgNwkSrcRtgExpiryTime:
   \   000000                DS 1
   \   000001                REQUIRE `?<Initializer for zgNwkSrcRtgExpiryTime>`
   \   000001                REQUIRE __INIT_XDATA_I
    129          
    130          // Cleanup Child Table according to routing traffic

   \                                 In  segment XDATA_Z, align 1, keep-with-next
    131          uint8 zgRouterOffAssocCleanup = FALSE;
   \                     zgRouterOffAssocCleanup:
   \   000000                DS 1
   \   000001                REQUIRE __INIT_XDATA_Z
    132          
    133          /*********************************************************************
    134           * APS GLOBAL VARIABLES
    135           */
    136          
    137          // The maximum number of retries allowed after a transmission failure

   \                                 In  segment XDATA_I, align 1, keep-with-next
    138          uint8 zgApscMaxFrameRetries = APSC_MAX_FRAME_RETRIES;
   \                     zgApscMaxFrameRetries:
   \   000000                DS 1
   \   000001                REQUIRE `?<Initializer for zgApscMaxFrameRetries>`
   \   000001                REQUIRE __INIT_XDATA_I
    139          
    140          // The maximum number of seconds (milliseconds) to wait for an
    141          // acknowledgement to a transmitted frame.
    142          
    143          // This number is used by polled devices.

   \                                 In  segment XDATA_I, align 1, keep-with-next
    144          uint16 zgApscAckWaitDurationPolled = APSC_ACK_WAIT_DURATION_POLLED;
   \                     zgApscAckWaitDurationPolled:
   \   000000                DS 2
   \   000002                REQUIRE `?<Initializer for zgApscAckWaitDurationPolled>`
   \   000002                REQUIRE __INIT_XDATA_I
    145          
    146          // This number is used by non-polled devices in the following formula:
    147          //   (100 mSec) * (_NIB.MaxDepth * zgApsAckWaitMultiplier)

   \                                 In  segment XDATA_I, align 1, keep-with-next
    148          uint8 zgApsAckWaitMultiplier = 2;
   \                     zgApsAckWaitMultiplier:
   \   000000                DS 1
   \   000001                REQUIRE `?<Initializer for zgApsAckWaitMultiplier>`
   \   000001                REQUIRE __INIT_XDATA_I
    149          
    150          // The maximum number of milliseconds for the end device binding

   \                                 In  segment XDATA_I, align 1, keep-with-next
    151          uint16 zgApsDefaultMaxBindingTime = APS_DEFAULT_MAXBINDING_TIME;
   \                     zgApsDefaultMaxBindingTime:
   \   000000                DS 2
   \   000002                REQUIRE `?<Initializer for zgApsDefaultMaxBindingTime>`
   \   000002                REQUIRE __INIT_XDATA_I
    152          
    153          // The 64-big identifier of the network to join or form.
    154          // Default set to all zeros

   \                                 In  segment XDATA_Z, align 1, keep-with-next
    155          uint8 zgApsUseExtendedPANID[Z_EXTADDR_LEN] = {00,00,00,00,00,00,00,00};
   \                     zgApsUseExtendedPANID:
   \   000000                DS 8
   \   000008                REQUIRE __INIT_XDATA_Z
    156          
    157          // A boolean flag that indicates whether it is OK to use insecure join
    158          // on startup. Default set to true

   \                                 In  segment XDATA_I, align 1, keep-with-next
    159          uint8 zgApsUseInsecureJoin = TRUE;
   \                     zgApsUseInsecureJoin:
   \   000000                DS 1
   \   000001                REQUIRE `?<Initializer for zgApsUseInsecureJoin>`
   \   000001                REQUIRE __INIT_XDATA_I
    160          
    161          // The radius of broadcast multicast transmissions

   \                                 In  segment XDATA_I, align 1, keep-with-next
    162          uint8 zgApsNonMemberRadius = APS_DEFAULT_NONMEMBER_RADIUS;
   \                     zgApsNonMemberRadius:
   \   000000                DS 1
   \   000001                REQUIRE `?<Initializer for zgApsNonMemberRadius>`
   \   000001                REQUIRE __INIT_XDATA_I
    163          
    164          /*********************************************************************
    165           * SECURITY GLOBAL VARIABLES
    166           */
    167          
    168          // If true, preConfigKey should be configured on all devices on the network
    169          // If false, it is configured only on the coordinator and sent to other
    170          // devices upon joining.

   \                                 In  segment XDATA_Z, align 1, keep-with-next
    171          uint8 zgPreConfigKeys = FALSE;// TRUE;
   \                     zgPreConfigKeys:
   \   000000                DS 1
   \   000001                REQUIRE __INIT_XDATA_Z
    172          
    173          // If true, defaultTCLinkKey should be configured on all devices on the
    174          // network. If false, individual trust center link key between each device and
    175          // the trust center should be manually configured via MT_WRITE_NV

   \                                 In  segment XDATA_I, align 1, keep-with-next
    176          uint8 zgUseDefaultTCLK = TRUE; // FALSE
   \                     zgUseDefaultTCLK:
   \   000000                DS 1
   \   000001                REQUIRE `?<Initializer for zgUseDefaultTCLK>`
   \   000001                REQUIRE __INIT_XDATA_I
    177          
    178          /*********************************************************************
    179           * ZDO GLOBAL VARIABLES
    180           */
    181          
    182          // Configured PAN ID

   \                                 In  segment XDATA_I, align 1, keep-with-next
    183          uint16 zgConfigPANID = ZDAPP_CONFIG_PAN_ID;
   \                     zgConfigPANID:
   \   000000                DS 2
   \   000002                REQUIRE `?<Initializer for zgConfigPANID>`
   \   000002                REQUIRE __INIT_XDATA_I
    184          
    185          // Device Logical Type

   \                                 In  segment XDATA_Z, align 1, keep-with-next
    186          uint8 zgDeviceLogicalType = DEVICE_LOGICAL_TYPE;
   \                     zgDeviceLogicalType:
   \   000000                DS 1
   \   000001                REQUIRE __INIT_XDATA_Z
    187          
    188          // Startup Delay

   \                                 In  segment XDATA_I, align 1, keep-with-next
    189          uint8 zgStartDelay = START_DELAY;
   \                     zgStartDelay:
   \   000000                DS 1
   \   000001                REQUIRE `?<Initializer for zgStartDelay>`
   \   000001                REQUIRE __INIT_XDATA_I
    190          
    191          #if !defined MT_TASK
    192          // Flag to use verbose (i.e. "cc2480-style") direct MT callbacks in ZDProfile.c, ZDP_IncomingData().

   \                                 In  segment XDATA_Z, align 1, keep-with-next
    193          uint8 zgZdoDirectCB = FALSE;
   \                     zgZdoDirectCB:
   \   000000                DS 1
   \   000001                REQUIRE __INIT_XDATA_Z
    194          #endif
    195          
    196          // Min number of attempted transmissions for Channel Interference detection

   \                                 In  segment XDATA_I, align 1, keep-with-next
    197          uint8 zgNwkMgrMinTransmissions = ZDNWKMGR_MIN_TRANSMISSIONS;
   \                     zgNwkMgrMinTransmissions:
   \   000000                DS 1
   \   000001                REQUIRE `?<Initializer for zgNwkMgrMinTransmissions>`
   \   000001                REQUIRE __INIT_XDATA_I
    198          
    199          /*********************************************************************
    200           * APPLICATION GLOBAL VARIABLES
    201           */
    202          
    203          // Network Manager Mode

   \                                 In  segment XDATA_I, align 1, keep-with-next
    204          uint8 zgNwkMgrMode = ZDNWKMGR_ENABLE;
   \                     zgNwkMgrMode:
   \   000000                DS 1
   \   000001                REQUIRE `?<Initializer for zgNwkMgrMode>`
   \   000001                REQUIRE __INIT_XDATA_I
    205          
    206          /*********************************************************************
    207           * NON-STANDARD GLOBAL VARIABLES
    208           */
    209          
    210          // Simple API Endpoint

   \                                 In  segment XDATA_I, align 1, keep-with-next
    211          uint8 zgSapiEndpoint = SAPI_ENDPOINT;
   \                     zgSapiEndpoint:
   \   000000                DS 1
   \   000001                REQUIRE `?<Initializer for zgSapiEndpoint>`
   \   000001                REQUIRE __INIT_XDATA_I
    212          
    213          /*********************************************************************
    214           * LOCAL VARIABLES
    215           */
    216          
    217          /*********************************************************************
    218           * ZGlobal Item Table
    219           */

   \                                 In  segment CODE_C, align 1
    220          static CONST zgItem_t zgItemTable[] =
   \                     zgItemTable:
   \   000000   0000         DW 0
   \   000002   0000         DW 0
   \   000004   0000         DW 0H
    221          {
    222          #if defined ( NV_INIT )
    223          #if !defined MT_TASK
    224            {
    225              ZCD_NV_ZDO_DIRECT_CB, sizeof(zgZdoDirectCB), &zgZdoDirectCB
    226            },
    227          #endif
    228            {
    229              ZCD_NV_LOGICAL_TYPE, sizeof(zgDeviceLogicalType), &zgDeviceLogicalType
    230            },
    231            {
    232              ZCD_NV_POLL_RATE, sizeof(zgPollRate), &zgPollRate
    233            },
    234            {
    235              ZCD_NV_QUEUED_POLL_RATE, sizeof(zgQueuedPollRate), &zgQueuedPollRate
    236            },
    237            {
    238              ZCD_NV_RESPONSE_POLL_RATE, sizeof(zgResponsePollRate), &zgResponsePollRate
    239            },
    240            {
    241              ZCD_NV_REJOIN_POLL_RATE, sizeof(zgRejoinPollRate), &zgRejoinPollRate
    242            },
    243            {
    244              ZCD_NV_DATA_RETRIES, sizeof(zgMaxDataRetries), &zgMaxDataRetries
    245            },
    246            {
    247              ZCD_NV_POLL_FAILURE_RETRIES, sizeof(zgMaxPollFailureRetries), &zgMaxPollFailureRetries
    248            },
    249            {
    250              ZCD_NV_CHANLIST, sizeof(zgDefaultChannelList), &zgDefaultChannelList
    251            },
    252            {
    253              ZCD_NV_SCAN_DURATION, sizeof(zgDefaultStartingScanDuration), &zgDefaultStartingScanDuration
    254            },
    255            {
    256              ZCD_NV_STACK_PROFILE, sizeof(zgStackProfile), &zgStackProfile
    257            },
    258            {
    259              ZCD_NV_INDIRECT_MSG_TIMEOUT, sizeof(zgIndirectMsgTimeout), &zgIndirectMsgTimeout
    260            },
    261            {
    262              ZCD_NV_ROUTE_EXPIRY_TIME, sizeof(zgRouteExpiryTime), &zgRouteExpiryTime
    263            },
    264            {
    265              ZCD_NV_EXTENDED_PAN_ID, Z_EXTADDR_LEN, zgExtendedPANID
    266            },
    267            {
    268              ZCD_NV_BCAST_RETRIES, sizeof(zgMaxBcastRetires), &zgMaxBcastRetires
    269            },
    270            {
    271              ZCD_NV_PASSIVE_ACK_TIMEOUT, sizeof(zgPassiveAckTimeout), &zgPassiveAckTimeout
    272            },
    273            {
    274              ZCD_NV_BCAST_DELIVERY_TIME, sizeof(zgBcastDeliveryTime), &zgBcastDeliveryTime
    275            },
    276            {
    277              ZCD_NV_NWK_MODE, sizeof(zgNwkMode), &zgNwkMode
    278            },
    279            {
    280              ZCD_NV_CONCENTRATOR_ENABLE, sizeof(zgConcentratorEnable), &zgConcentratorEnable
    281            },
    282            {
    283              ZCD_NV_CONCENTRATOR_DISCOVERY, sizeof(zgConcentratorDiscoveryTime), &zgConcentratorDiscoveryTime
    284            },
    285            {
    286              ZCD_NV_CONCENTRATOR_RADIUS, sizeof(zgConcentratorRadius), &zgConcentratorRadius
    287            },
    288            {
    289              ZCD_NV_CONCENTRATOR_RC, sizeof(zgConcentratorRC), &zgConcentratorRC
    290            },
    291            {
    292              ZCD_NV_SRC_RTG_EXPIRY_TIME, sizeof(zgNwkSrcRtgExpiryTime), &zgNwkSrcRtgExpiryTime
    293            },
    294            {
    295              ZCD_NV_ROUTE_DISCOVERY_TIME, sizeof(zgRouteDiscoveryTime), &zgRouteDiscoveryTime
    296            },
    297          #ifndef NONWK
    298            {
    299              ZCD_NV_PANID, sizeof(zgConfigPANID), &zgConfigPANID
    300            },
    301            {
    302              ZCD_NV_PRECFGKEYS_ENABLE, sizeof(zgPreConfigKeys), &zgPreConfigKeys
    303            },
    304            {
    305              ZCD_NV_SECURITY_MODE, sizeof(zgSecurityMode), &zgSecurityMode
    306            },
    307            {
    308              ZCD_NV_SECURE_PERMIT_JOIN, sizeof(zgSecurePermitJoin), &zgSecurePermitJoin
    309            },
    310            {
    311              ZCD_NV_USE_DEFAULT_TCLK, sizeof(zgUseDefaultTCLK), &zgUseDefaultTCLK
    312            },
    313            {
    314              ZCD_NV_TRUSTCENTER_ADDR, sizeof(zgTrustCenterAddr), &zgTrustCenterAddr
    315            },
    316          #endif // NONWK
    317            {
    318              ZCD_NV_APS_FRAME_RETRIES, sizeof(zgApscMaxFrameRetries), &zgApscMaxFrameRetries
    319            },
    320            {
    321              ZCD_NV_APS_ACK_WAIT_DURATION, sizeof(zgApscAckWaitDurationPolled), &zgApscAckWaitDurationPolled
    322            },
    323            {
    324              ZCD_NV_APS_ACK_WAIT_MULTIPLIER, sizeof(zgApsAckWaitMultiplier), &zgApsAckWaitMultiplier
    325            },
    326            {
    327              ZCD_NV_BINDING_TIME, sizeof(zgApsDefaultMaxBindingTime), &zgApsDefaultMaxBindingTime
    328            },
    329            {
    330              ZCD_NV_APS_USE_EXT_PANID, Z_EXTADDR_LEN, zgApsUseExtendedPANID
    331            },
    332            {
    333              ZCD_NV_APS_USE_INSECURE_JOIN, sizeof(zgApsUseInsecureJoin), &zgApsUseInsecureJoin
    334            },
    335            {
    336              ZCD_NV_APS_NONMEMBER_RADIUS, sizeof(zgApsNonMemberRadius), &zgApsNonMemberRadius
    337            },
    338            {
    339              ZCD_NV_START_DELAY, sizeof(zgStartDelay), &zgStartDelay
    340            },
    341            {
    342              ZCD_NV_SAPI_ENDPOINT, sizeof(zgSapiEndpoint), &zgSapiEndpoint
    343            },
    344            {
    345              ZCD_NV_NWK_MGR_MODE, sizeof(zgNwkMgrMode), &zgNwkMgrMode
    346            },
    347            {
    348              ZCD_NV_NWKMGR_MIN_TX, sizeof(zgNwkMgrMinTransmissions), &zgNwkMgrMinTransmissions
    349            },
    350            {
    351              ZCD_NV_ROUTER_OFF_ASSOC_CLEANUP, sizeof(zgRouterOffAssocCleanup), &zgRouterOffAssocCleanup
    352            },
    353          #endif // NV_INIT
    354            // Last item -- DO NOT MOVE IT!
    355            {
    356              0x00, 0, NULL
    357            }
    358          };
    359          
    360          /*********************************************************************
    361           * LOCAL FUNCTIONS
    362           */
    363          
    364          static uint8 zgItemInit( uint16 id, uint16 len, void *buf, uint8 setDefault );
    365          
    366          #ifndef NONWK
    367          static uint8 zgPreconfigKeyInit( uint8 setDefault );
    368          #endif
    369          
    370          /*********************************************************************
    371           * @fn       zgItemInit()
    372           *
    373           * @brief
    374           *
    375           *   Initialize a global item. If the item doesn't exist in NV memory,
    376           *   write the system default (value passed in) into NV memory. But if
    377           *   it exists, set the item to the value stored in NV memory.
    378           *
    379           *   Also, if setDefault is TRUE and the item exists, we will write
    380           *   the default value to NV space.
    381           *
    382           * @param   id - item id
    383           * @param   len - item len
    384           * @param   buf - pointer to the item
    385           * @param   setDefault - TRUE to set default, not read
    386           *
    387           * @return  ZSUCCESS if successful, NV_ITEM_UNINIT if item did not
    388           *          exist in NV, NV_OPER_FAILED if failure.
    389           */
    390          static uint8 zgItemInit( uint16 id, uint16 len, void *buf, uint8 setDefault )
    391          {
    392            uint8 status;
    393          
    394            // If the item doesn't exist in NV memory, create and initialize
    395            // it with the value passed in.
    396            status = osal_nv_item_init( id, len, buf );
    397            if ( status == ZSUCCESS )
    398            {
    399              if ( setDefault )
    400              {
    401                // Write the default value back to NV
    402                status = osal_nv_write( id, 0, len, buf );
    403              }
    404              else
    405              {
    406                // The item exists in NV memory, read it from NV memory
    407                status = osal_nv_read( id, 0, len, buf );
    408              }
    409            }
    410          
    411            return (status);
    412          }
    413          
    414          /*********************************************************************
    415           * API FUNCTIONS
    416           */
    417          
    418          /*********************************************************************
    419           * @fn          zgInit
    420           *
    421           * @brief
    422           *
    423           *   Initialize the Z-Stack Globals. If an item doesn't exist in
    424           *   NV memory, write the system default into NV memory. But if
    425           *   it exists, set the item to the value stored in NV memory.
    426           *
    427           * NOTE: The Startup Options (ZCD_NV_STARTUP_OPTION) indicate
    428           *       that the Config state items (zgItemTable) need to be
    429           *       set to defaults (ZCD_STARTOPT_DEFAULT_CONFIG_STATE). The
    430           *
    431           * @param       none
    432           *
    433           * @return      ZSUCCESS if successful, NV_ITEM_UNINIT if item did not
    434           *              exist in NV, NV_OPER_FAILED if failure.
    435           */

   \                                 In  segment BANKED_CODE, align 1, keep-with-next
    436          uint8 zgInit( void )
   \                     zgInit:
    437          {
   \   000000   74F7         MOV     A,#-0x9
   \   000002   12....       LCALL   ?BANKED_ENTER_XDATA
   \   000005                ; Saved register size: 9
   \   000005                ; Auto size: 0
    438            uint8  setDefault = FALSE;
   \   000005   7E00         MOV     R6,#0x0
    439          
    440            // Do we want to default the Config state values
    441            if ( zgReadStartupOptions() & ZCD_STARTOPT_DEFAULT_CONFIG_STATE )
   \   000007                ; Setup parameters for call to function zgReadStartupOptions
   \   000007   12....       LCALL   ??zgReadStartupOptions?relay
   \   00000A   E9           MOV     A,R1
   \   00000B   A2E0         MOV     C,0xE0 /* A   */.0
   \   00000D   5001         JNC     ??zgInit_0
    442            {
    443              setDefault = TRUE;
   \   00000F   0E           INC     R6
    444            }
    445          
    446          #if 0
    447            // Enable this section if you need to track the number of resets
    448            // This section is normally disabled to minimize "wear" on NV memory
    449            uint16 bootCnt = 0;
    450          
    451            // Update the Boot Counter
    452            if ( osal_nv_item_init( ZCD_NV_BOOTCOUNTER, sizeof(bootCnt), &bootCnt ) == ZSUCCESS )
    453            {
    454              // Get the old value from NV memory
    455              osal_nv_read( ZCD_NV_BOOTCOUNTER, 0, sizeof(bootCnt), &bootCnt );
    456            }
    457          
    458            // Increment the Boot Counter and store it into NV memory
    459            if ( setDefault )
    460              bootCnt = 0;
    461            else
    462              bootCnt++;
    463            osal_nv_write( ZCD_NV_BOOTCOUNTER, 0, sizeof(bootCnt), &bootCnt );
    464          #endif
    465          
    466            // Initialize the Extended PAN ID as my own extended address
    467            ZMacGetReq( ZMacExtAddr, zgExtendedPANID );
   \                     ??zgInit_0:
   \   000010                ; Setup parameters for call to function ZMacGetReq
   \   000010   7A..         MOV     R2,#zgExtendedPANID & 0xff
   \   000012   7B..         MOV     R3,#(zgExtendedPANID >> 8) & 0xff
   \   000014   79E2         MOV     R1,#-0x1e
   \   000016   12....       LCALL   ??ZMacGetReq?relay
    468          
    469            // Initialize the items table
    470            zgInitItems( setDefault );
   \   000019                ; Setup parameters for call to function zgInitItems
   \   000019   EE           MOV     A,R6
   \   00001A   F9           MOV     R1,A
   \   00001B   12....       LCALL   ??zgInitItems?relay
    471          
    472          #ifndef NONWK
    473            if ( ZG_SECURE_ENABLED )
    474            {
    475              // Initialize the Pre-Configured Key to the default key
    476              zgPreconfigKeyInit( setDefault );
    477          
    478              // Initialize NV items for all Keys: NWK, APS, TCLK and Master
    479              ZDSecMgrInitNVKeyTables( setDefault );
    480            }
    481          #endif // NONWK
    482          
    483            // Clear the Config State default
    484            if ( setDefault )
   \   00001E   EE           MOV     A,R6
   \   00001F   A2E0         MOV     C,0xE0 /* A   */.0
   \   000021   5007         JNC     ??zgInit_1
    485            {
    486              zgWriteStartupOptions( ZG_STARTUP_CLEAR, ZCD_STARTOPT_DEFAULT_CONFIG_STATE );
   \   000023                ; Setup parameters for call to function zgWriteStartupOptions
   \   000023   7A01         MOV     R2,#0x1
   \   000025   7900         MOV     R1,#0x0
   \   000027   12....       LCALL   ??zgWriteStartupOptions?relay
    487            }
    488          
    489            return ( ZSUCCESS );
   \                     ??zgInit_1:
   \   00002A   7900         MOV     R1,#0x0
   \   00002C   7F01         MOV     R7,#0x1
   \   00002E   02....       LJMP    ?BANKED_LEAVE_XDATA
    490          }
    491          
    492          /*********************************************************************
    493           * @fn          zgInitItems
    494           *
    495           * @brief       Initializes RAM variables from NV.  If NV items don't
    496           *              exist, then the NV is initialize with what is in RAM
    497           *              variables.
    498           *
    499           * @param       none
    500           *
    501           * @return      none
    502           */

   \                                 In  segment BANKED_CODE, align 1, keep-with-next
    503          void zgInitItems( uint8 setDefault )
   \                     zgInitItems:
    504          {
   \   000000   74F2         MOV     A,#-0xe
   \   000002   12....       LCALL   ?BANKED_ENTER_XDATA
   \   000005                ; Saved register size: 14
   \   000005                ; Auto size: 0
   \   000005   89..         MOV     ?V0 + 5,R1
    505            uint8  i = 0;
   \   000007   75..00       MOV     ?V0 + 4,#0x0
   \   00000A   801A         SJMP    ??zgInitItems_0
    506          
    507            while ( zgItemTable[i].id != 0x00 )
    508            {
   \                     ??zgInitItems_1:
   \   00000C                ; Setup parameters for call to function osal_nv_read
   \   00000C   12....       LCALL   ?PUSH_XSTACK_I_TWO
   \   00000F   78..         MOV     R0,#?V0 + 0
   \   000011   12....       LCALL   ?PUSH_XSTACK_I_TWO
   \   000014   7C00         MOV     R4,#0x0
   \   000016   7D00         MOV     R5,#0x0
   \   000018   EE           MOV     A,R6
   \   000019   FA           MOV     R2,A
   \   00001A   EF           MOV     A,R7
   \   00001B   FB           MOV     R3,A
   \   00001C   12....       LCALL   ??osal_nv_read?relay
   \                     ??zgInitItems_2:
   \   00001F   7404         MOV     A,#0x4
   \   000021   12....       LCALL   ?DEALLOC_XSTACK8
    509              // Initialize the item
    510              zgItemInit( zgItemTable[i].id, zgItemTable[i].len, zgItemTable[i].buf, setDefault  );
    511          
    512              // Move on to the next item
    513              i++;
   \                     ??zgInitItems_3:
   \   000024   05..         INC     ?V0 + 4
   \                     ??zgInitItems_0:
   \   000026   E5..         MOV     A,?V0 + 4
   \   000028   75F006       MOV     B,#0x6
   \   00002B   A4           MUL     AB
   \   00002C   F8           MOV     R0,A
   \   00002D   AAF0         MOV     R2,B
   \   00002F   EA           MOV     A,R2
   \   000030   F9           MOV     R1,A
   \   000031   12....       LCALL   ?Subroutine1 & 0xFFFF
   \                     ??CrossCallReturnLabel_0:
   \   000034   607F         JZ      ??zgInitItems_4
   \   000036   E5..         MOV     A,?V0 + 4
   \   000038   75F006       MOV     B,#0x6
   \   00003B   A4           MUL     AB
   \   00003C   F8           MOV     R0,A
   \   00003D   EA           MOV     A,R2
   \   00003E   F9           MOV     R1,A
   \   00003F   74..         MOV     A,#zgItemTable & 0xff
   \   000041   28           ADD     A,R0
   \   000042   F8           MOV     R0,A
   \   000043   74..         MOV     A,#(zgItemTable >> 8) & 0xff
   \   000045   39           ADDC    A,R1
   \   000046   F9           MOV     R1,A
   \   000047   A3           INC     DPTR
   \   000048   A3           INC     DPTR
   \   000049   A3           INC     DPTR
   \   00004A   A3           INC     DPTR
   \   00004B   E4           CLR     A
   \   00004C   93           MOVC    A,@A+DPTR
   \   00004D   F5..         MOV     ?V0 + 2,A
   \   00004F   7401         MOV     A,#0x1
   \   000051   93           MOVC    A,@A+DPTR
   \   000052   F5..         MOV     ?V0 + 3,A
   \   000054   8882         MOV     DPL,R0
   \   000056   8983         MOV     DPH,R1
   \   000058   A3           INC     DPTR
   \   000059   A3           INC     DPTR
   \   00005A   E4           CLR     A
   \   00005B   93           MOVC    A,@A+DPTR
   \   00005C   C0E0         PUSH    A
   \   00005E   7401         MOV     A,#0x1
   \   000060   93           MOVC    A,@A+DPTR
   \   000061   F583         MOV     DPH,A
   \   000063   D082         POP     DPL
   \   000065   8582..       MOV     ?V0 + 0,DPL
   \   000068   8583..       MOV     ?V0 + 1,DPH
   \   00006B   8882         MOV     DPL,R0
   \   00006D   8983         MOV     DPH,R1
   \   00006F   E4           CLR     A
   \   000070   93           MOVC    A,@A+DPTR
   \   000071   C0E0         PUSH    A
   \   000073   7401         MOV     A,#0x1
   \   000075   93           MOVC    A,@A+DPTR
   \   000076   F583         MOV     DPH,A
   \   000078   D082         POP     DPL
   \   00007A   AE82         MOV     R6,DPL
   \   00007C   AF83         MOV     R7,DPH
   \   00007E                ; Setup parameters for call to function osal_nv_item_init
   \   00007E   78..         MOV     R0,#?V0 + 2
   \   000080   12....       LCALL   ?PUSH_XSTACK_I_TWO
   \   000083   AC..         MOV     R4,?V0 + 0
   \   000085   AD..         MOV     R5,?V0 + 1
   \   000087   EE           MOV     A,R6
   \   000088   FA           MOV     R2,A
   \   000089   EF           MOV     A,R7
   \   00008A   FB           MOV     R3,A
   \   00008B   12....       LCALL   ??osal_nv_item_init?relay
   \   00008E   7402         MOV     A,#0x2
   \   000090   12....       LCALL   ?DEALLOC_XSTACK8
   \   000093   E9           MOV     A,R1
   \   000094   708E         JNZ     ??zgInitItems_3
   \   000096   E5..         MOV     A,?V0 + 5
   \   000098   78..         MOV     R0,#?V0 + 2
   \   00009A   7003         JNZ     $+5
   \   00009C   02....       LJMP    ??zgInitItems_1 & 0xFFFF
   \   00009F                ; Setup parameters for call to function osal_nv_write
   \   00009F   12....       LCALL   ?PUSH_XSTACK_I_TWO
   \   0000A2   78..         MOV     R0,#?V0 + 0
   \   0000A4   12....       LCALL   ?PUSH_XSTACK_I_TWO
   \   0000A7   7C00         MOV     R4,#0x0
   \   0000A9   7D00         MOV     R5,#0x0
   \   0000AB   EE           MOV     A,R6
   \   0000AC   FA           MOV     R2,A
   \   0000AD   EF           MOV     A,R7
   \   0000AE   FB           MOV     R3,A
   \   0000AF   12....       LCALL   ??osal_nv_write?relay
   \   0000B2   02....       LJMP    ??zgInitItems_2 & 0xFFFF
    514            }
    515          }
   \                     ??zgInitItems_4:
   \   0000B5   7F06         MOV     R7,#0x6
   \   0000B7   02....       LJMP    ?BANKED_LEAVE_XDATA

   \                                 In  segment BANKED_CODE, align 1, keep-with-next
   \                     ?Subroutine1:
   \   000000   74..         MOV     A,#zgItemTable & 0xff
   \   000002   28           ADD     A,R0
   \   000003   F582         MOV     DPL,A
   \   000005   74..         MOV     A,#(zgItemTable >> 8) & 0xff
   \   000007   12....       LCALL   ?Subroutine3 & 0xFFFF
   \                     ??CrossCallReturnLabel_3:
   \   00000A   E8           MOV     A,R0
   \   00000B   49           ORL     A,R1
   \   00000C   22           RET

   \                                 In  segment BANKED_CODE, align 1, keep-with-next
   \                     ?Subroutine3:
   \   000000   39           ADDC    A,R1
   \   000001   F583         MOV     DPH,A
   \   000003   E4           CLR     A
   \   000004   93           MOVC    A,@A+DPTR
   \   000005   F8           MOV     R0,A
   \   000006   7401         MOV     A,#0x1
   \   000008   93           MOVC    A,@A+DPTR
   \   000009   F9           MOV     R1,A
   \   00000A   22           RET
    516          
    517          /*********************************************************************
    518           * @fn          zgReadStartupOptions
    519           *
    520           * @brief       Reads the ZCD_NV_STARTUP_OPTION NV Item.
    521           *
    522           * @param       none
    523           *
    524           * @return      the ZCD_NV_STARTUP_OPTION NV item
    525           */

   \                                 In  segment BANKED_CODE, align 1, keep-with-next
    526          uint8 zgReadStartupOptions( void )
   \                     zgReadStartupOptions:
    527          {
   \   000000   74F6         MOV     A,#-0xa
   \   000002   12....       LCALL   ?BANKED_ENTER_XDATA
   \   000005                ; Saved register size: 10
   \   000005                ; Auto size: 1
   \   000005   74FF         MOV     A,#-0x1
   \   000007   12....       LCALL   ?ALLOC_XSTACK8
    528            // Default to Use Config State and Use Network State
    529            uint8 startupOption = 0;
   \   00000A   12....       LCALL   ?Subroutine2 & 0xFFFF
    530          
    531            // This should have been done in ZMain.c, but just in case.
    532            if ( osal_nv_item_init( ZCD_NV_STARTUP_OPTION,
    533                                        sizeof(startupOption),
    534                                        &startupOption ) == ZSUCCESS )
   \                     ??CrossCallReturnLabel_4:
   \   00000D   12....       LCALL   ?PUSH_XSTACK_I_TWO
   \   000010   7C01         MOV     R4,#0x1
   \   000012   7D00         MOV     R5,#0x0
   \   000014   7A03         MOV     R2,#0x3
   \   000016   7B00         MOV     R3,#0x0
   \   000018   12....       LCALL   ??osal_nv_item_init?relay
   \   00001B   7402         MOV     A,#0x2
   \   00001D   12....       LCALL   ?DEALLOC_XSTACK8
   \   000020   E9           MOV     A,R1
   \   000021   7020         JNZ     ??zgReadStartupOptions_0
    535            {
    536              // Read saved startup control
    537              osal_nv_read( ZCD_NV_STARTUP_OPTION,
    538                            0,
    539                            sizeof( startupOption ),
    540                            &startupOption);
   \   000023                ; Setup parameters for call to function osal_nv_read
   \   000023   78..         MOV     R0,#?V0 + 0
   \   000025   12....       LCALL   ?PUSH_XSTACK_I_TWO
   \   000028   75..01       MOV     ?V0 + 0,#0x1
   \   00002B   75..00       MOV     ?V0 + 1,#0x0
   \   00002E   78..         MOV     R0,#?V0 + 0
   \   000030   12....       LCALL   ?PUSH_XSTACK_I_TWO
   \   000033   7C00         MOV     R4,#0x0
   \   000035   7D00         MOV     R5,#0x0
   \   000037   7A03         MOV     R2,#0x3
   \   000039   7B00         MOV     R3,#0x0
   \   00003B   12....       LCALL   ??osal_nv_read?relay
   \   00003E   7404         MOV     A,#0x4
   \   000040   12....       LCALL   ?DEALLOC_XSTACK8
    541            }
    542            return ( startupOption );
   \                     ??zgReadStartupOptions_0:
   \   000043   85..82       MOV     DPL,?XSP + 0
   \   000046   85..83       MOV     DPH,?XSP + 1
   \   000049   E0           MOVX    A,@DPTR
   \   00004A   F9           MOV     R1,A
   \   00004B                REQUIRE ?Subroutine0
   \   00004B                ; // Fall through to label ?Subroutine0
    543          }

   \                                 In  segment BANKED_CODE, align 1, keep-with-next
   \                     ?Subroutine0:
   \   000000   7401         MOV     A,#0x1
   \   000002   12....       LCALL   ?DEALLOC_XSTACK8
   \   000005   7F02         MOV     R7,#0x2
   \   000007   02....       LJMP    ?BANKED_LEAVE_XDATA

   \                                 In  segment BANKED_CODE, align 1, keep-with-next
   \                     ?Subroutine2:
   \   000000   85..82       MOV     DPL,?XSP + 0
   \   000003   85..83       MOV     DPH,?XSP + 1
   \   000006   E4           CLR     A
   \   000007                REQUIRE ??Subroutine4_0
   \   000007                ; // Fall through to label ??Subroutine4_0

   \                                 In  segment BANKED_CODE, align 1, keep-with-next
   \                     ??Subroutine4_0:
   \   000000   F0           MOVX    @DPTR,A
   \   000001                ; Setup parameters for call to function osal_nv_item_init
   \   000001                ; Setup parameters for call to function osal_nv_read
   \   000001                ; Setup parameters for call to function osal_nv_write
   \   000001   8582..       MOV     ?V0 + 0,DPL
   \   000004   8583..       MOV     ?V0 + 1,DPH
   \   000007   78..         MOV     R0,#?V0 + 0
   \   000009   22           RET
    544          
    545          /*********************************************************************
    546           * @fn          zgWriteStartupOptions
    547           *
    548           * @brief       Writes bits into the ZCD_NV_STARTUP_OPTION NV Item.
    549           *
    550           * @param       action - ZG_STARTUP_SET set bit, ZG_STARTUP_CLEAR to
    551           *               clear bit. The set bit is an OR operation, and the
    552           *               clear bit is an AND ~(bitOptions) operation.
    553           *
    554           * @param       bitOptions - which bits to perform action on:
    555           *                      ZCD_STARTOPT_DEFAULT_CONFIG_STATE
    556           *                      ZCD_STARTOPT_DEFAULT_NETWORK_STATE
    557           *
    558           * @return      ZSUCCESS if successful
    559           */

   \                                 In  segment BANKED_CODE, align 1, keep-with-next
    560          uint8 zgWriteStartupOptions( uint8 action, uint8 bitOptions )
   \                     zgWriteStartupOptions:
    561          {
   \   000000   74F6         MOV     A,#-0xa
   \   000002   12....       LCALL   ?BANKED_ENTER_XDATA
   \   000005                ; Saved register size: 10
   \   000005                ; Auto size: 1
   \   000005   74FF         MOV     A,#-0x1
   \   000007   12....       LCALL   ?ALLOC_XSTACK8
   \   00000A   E9           MOV     A,R1
   \   00000B   FE           MOV     R6,A
   \   00000C   EA           MOV     A,R2
   \   00000D   FF           MOV     R7,A
    562            uint8 status;
    563            uint8 startupOptions = 0;
   \   00000E   12....       LCALL   ?Subroutine2 & 0xFFFF
    564          
    565            status = osal_nv_read( ZCD_NV_STARTUP_OPTION,
    566                          0,
    567                          sizeof( startupOptions ),
    568                          &startupOptions );
   \                     ??CrossCallReturnLabel_5:
   \   000011   12....       LCALL   ?PUSH_XSTACK_I_TWO
   \   000014   75..01       MOV     ?V0 + 0,#0x1
   \   000017   75..00       MOV     ?V0 + 1,#0x0
   \   00001A   78..         MOV     R0,#?V0 + 0
   \   00001C   12....       LCALL   ?PUSH_XSTACK_I_TWO
   \   00001F   7C00         MOV     R4,#0x0
   \   000021   7D00         MOV     R5,#0x0
   \   000023   7A03         MOV     R2,#0x3
   \   000025   7B00         MOV     R3,#0x0
   \   000027   12....       LCALL   ??osal_nv_read?relay
   \   00002A   7404         MOV     A,#0x4
   \   00002C   12....       LCALL   ?DEALLOC_XSTACK8
   \   00002F   E9           MOV     A,R1
    569          
    570            if ( status == ZSUCCESS )
   \   000030   703C         JNZ     ??zgWriteStartupOptions_0
    571            {
    572              if ( action == ZG_STARTUP_SET )
   \   000032   74FF         MOV     A,#-0x1
   \   000034   6E           XRL     A,R6
   \   000035   700A         JNZ     ??zgWriteStartupOptions_1
    573              {
    574                // Set bits
    575                startupOptions |= bitOptions;
   \   000037   85..82       MOV     DPL,?XSP + 0
   \   00003A   85..83       MOV     DPH,?XSP + 1
   \   00003D   E0           MOVX    A,@DPTR
   \   00003E   4F           ORL     A,R7
   \   00003F   800C         SJMP    ??zgWriteStartupOptions_2
    576              }
    577              else
    578              {
    579                // Clear bits
    580                startupOptions &= (bitOptions ^ 0xFF);
   \                     ??zgWriteStartupOptions_1:
   \   000041   74FF         MOV     A,#-0x1
   \   000043   6F           XRL     A,R7
   \   000044   F8           MOV     R0,A
   \   000045   85..82       MOV     DPL,?XSP + 0
   \   000048   85..83       MOV     DPH,?XSP + 1
   \   00004B   E0           MOVX    A,@DPTR
   \   00004C   58           ANL     A,R0
    581              }
    582          
    583              // Changed?
    584              status = osal_nv_write( ZCD_NV_STARTUP_OPTION,
    585                           0,
    586                           sizeof( startupOptions ),
    587                           &startupOptions );
    588            }
   \                     ??zgWriteStartupOptions_2:
   \   00004D   12....       LCALL   ??Subroutine4_0 & 0xFFFF
   \                     ??CrossCallReturnLabel_6:
   \   000050   12....       LCALL   ?PUSH_XSTACK_I_TWO
   \   000053   75..01       MOV     ?V0 + 0,#0x1
   \   000056   75..00       MOV     ?V0 + 1,#0x0
   \   000059   78..         MOV     R0,#?V0 + 0
   \   00005B   12....       LCALL   ?PUSH_XSTACK_I_TWO
   \   00005E   7C00         MOV     R4,#0x0
   \   000060   7D00         MOV     R5,#0x0
   \   000062   7A03         MOV     R2,#0x3
   \   000064   7B00         MOV     R3,#0x0
   \   000066   12....       LCALL   ??osal_nv_write?relay
   \   000069   7404         MOV     A,#0x4
   \   00006B   12....       LCALL   ?DEALLOC_XSTACK8
    589          
    590            return ( status );
   \                     ??zgWriteStartupOptions_0:
   \   00006E   02....       LJMP    ?Subroutine0 & 0xFFFF
    591          }
    592          
    593          /*********************************************************************
    594           * @fn          zgSetItem
    595           *
    596           * @brief       Set RAM variables from set-NV, if it exist in the zgItemTable
    597           *
    598           * @param       id - NV ID
    599           *              len - NV item length
    600           *              buf - pointer to the input buffer
    601           *
    602           * @return      none
    603           */

   \                                 In  segment BANKED_CODE, align 1, keep-with-next
    604          void zgSetItem( uint16 id, uint16 len, void *buf )
   \                     zgSetItem:
    605          {
   \   000000   74F5         MOV     A,#-0xb
   \   000002   12....       LCALL   ?BANKED_ENTER_XDATA
   \   000005                ; Saved register size: 11
   \   000005                ; Auto size: 0
   \   000005   740B         MOV     A,#0xb
   \   000007   12....       LCALL   ?XSTACK_DISP0_8
   \   00000A   E0           MOVX    A,@DPTR
   \   00000B   F5..         MOV     ?V0 + 0,A
   \   00000D   A3           INC     DPTR
   \   00000E   E0           MOVX    A,@DPTR
   \   00000F   F5..         MOV     ?V0 + 1,A
    606          
    607            uint8  i = 0;
   \   000011   7E00         MOV     R6,#0x0
   \   000013   8001         SJMP    ??zgSetItem_0
    608          
    609            // Look up the NV item table
    610            while ( zgItemTable[i].id != 0x00 )
    611            {
    612              if( zgItemTable[i].id == id )
    613              {
    614                if ( zgItemTable[i].len == len )
    615                {
    616                  osal_memcpy( zgItemTable[i].buf, buf, len );
    617                }
    618                break;
    619              }
    620              // Move on to the next item
    621              i++;
   \                     ??zgSetItem_1:
   \   000015   0E           INC     R6
   \                     ??zgSetItem_0:
   \   000016   EE           MOV     A,R6
   \   000017   75F006       MOV     B,#0x6
   \   00001A   A4           MUL     AB
   \   00001B   F8           MOV     R0,A
   \   00001C   A9F0         MOV     R1,B
   \   00001E   12....       LCALL   ?Subroutine1 & 0xFFFF
   \                     ??CrossCallReturnLabel_1:
   \   000021   6054         JZ      ??zgSetItem_2
   \   000023   E4           CLR     A
   \   000024   93           MOVC    A,@A+DPTR
   \   000025   F8           MOV     R0,A
   \   000026   7401         MOV     A,#0x1
   \   000028   93           MOVC    A,@A+DPTR
   \   000029   F9           MOV     R1,A
   \   00002A   EA           MOV     A,R2
   \   00002B   68           XRL     A,R0
   \   00002C   7002         JNZ     ??zgSetItem_3
   \   00002E   EB           MOV     A,R3
   \   00002F   69           XRL     A,R1
   \                     ??zgSetItem_3:
   \   000030   70E3         JNZ     ??zgSetItem_1
   \   000032   EE           MOV     A,R6
   \   000033   75F006       MOV     B,#0x6
   \   000036   A4           MUL     AB
   \   000037   F8           MOV     R0,A
   \   000038   AAF0         MOV     R2,B
   \   00003A   EA           MOV     A,R2
   \   00003B   F9           MOV     R1,A
   \   00003C   74..         MOV     A,#(zgItemTable + 2) & 0xff
   \   00003E   28           ADD     A,R0
   \   00003F   F582         MOV     DPL,A
   \   000041   74..         MOV     A,#((zgItemTable + 2) >> 8) & 0xff
   \   000043   12....       LCALL   ?Subroutine3 & 0xFFFF
   \                     ??CrossCallReturnLabel_2:
   \   000046   EC           MOV     A,R4
   \   000047   68           XRL     A,R0
   \   000048   7002         JNZ     ??zgSetItem_4
   \   00004A   ED           MOV     A,R5
   \   00004B   69           XRL     A,R1
   \                     ??zgSetItem_4:
   \   00004C   7029         JNZ     ??zgSetItem_2
   \   00004E                ; Setup parameters for call to function osal_memcpy
   \   00004E   75..00       MOV     ?V0 + 2,#0x0
   \   000051   78..         MOV     R0,#?V0 + 0
   \   000053   12....       LCALL   ?PUSH_XSTACK_I_THREE
   \   000056   EE           MOV     A,R6
   \   000057   75F006       MOV     B,#0x6
   \   00005A   A4           MUL     AB
   \   00005B   F8           MOV     R0,A
   \   00005C   EA           MOV     A,R2
   \   00005D   F9           MOV     R1,A
   \   00005E   74..         MOV     A,#(zgItemTable + 4) & 0xff
   \   000060   28           ADD     A,R0
   \   000061   F582         MOV     DPL,A
   \   000063   74..         MOV     A,#((zgItemTable + 4) >> 8) & 0xff
   \   000065   39           ADDC    A,R1
   \   000066   F583         MOV     DPH,A
   \   000068   E4           CLR     A
   \   000069   93           MOVC    A,@A+DPTR
   \   00006A   FA           MOV     R2,A
   \   00006B   7401         MOV     A,#0x1
   \   00006D   93           MOVC    A,@A+DPTR
   \   00006E   FB           MOV     R3,A
   \   00006F   12....       LCALL   ??osal_memcpy?relay
   \   000072   7403         MOV     A,#0x3
   \   000074   12....       LCALL   ?DEALLOC_XSTACK8
    622            }
    623          }
   \                     ??zgSetItem_2:
   \   000077   7F03         MOV     R7,#0x3
   \   000079   02....       LJMP    ?BANKED_LEAVE_XDATA

   \                                 In  segment XDATA_ID, align 1, keep-with-next
   \                     `?<Initializer for zgPollRate>`:
   \   000000   E803         DW 1000

   \                                 In  segment XDATA_ID, align 1, keep-with-next
   \                     `?<Initializer for zgQueuedPollRate>`:
   \   000000   6400         DW 100

   \                                 In  segment XDATA_ID, align 1, keep-with-next
   \                     `?<Initializer for zgResponsePollRate>`:
   \   000000   6400         DW 100

   \                                 In  segment XDATA_ID, align 1, keep-with-next
   \                     `?<Initializer for zgRejoinPollRate>`:
   \   000000   B801         DW 440

   \                                 In  segment XDATA_ID, align 1, keep-with-next
   \                     `?<Initializer for zgMaxDataRetries>`:
   \   000000   02           DB 2

   \                                 In  segment XDATA_ID, align 1, keep-with-next
   \                     `?<Initializer for zgMaxPollFailureRetries>`:
   \   000000   02           DB 2

   \                                 In  segment XDATA_ID, align 1, keep-with-next
   \                     `?<Initializer for zgDefaultChannelList>`:
   \   000000   00000100     DD 65536

   \                                 In  segment XDATA_ID, align 1, keep-with-next
   \                     `?<Initializer for zgDefaultStartingScanDuratio`:
   \   000000   05           DB 5

   \                                 In  segment XDATA_ID, align 1, keep-with-next
   \                     `?<Initializer for zgStackProfile>`:
   \   000000   02           DB 2

   \                                 In  segment XDATA_ID, align 1, keep-with-next
   \                     `?<Initializer for zgIndirectMsgTimeout>`:
   \   000000   07           DB 7

   \                                 In  segment XDATA_ID, align 1, keep-with-next
   \                     `?<Initializer for zgSecurePermitJoin>`:
   \   000000   01           DB 1

   \                                 In  segment XDATA_ID, align 1, keep-with-next
   \                     `?<Initializer for zgRouteDiscoveryTime>`:
   \   000000   05           DB 5

   \                                 In  segment XDATA_ID, align 1, keep-with-next
   \                     `?<Initializer for zgRouteExpiryTime>`:
   \   000000   1E           DB 30

   \                                 In  segment XDATA_ID, align 1, keep-with-next
   \                     `?<Initializer for zgMaxBcastRetires>`:
   \   000000   02           DB 2

   \                                 In  segment XDATA_ID, align 1, keep-with-next
   \                     `?<Initializer for zgPassiveAckTimeout>`:
   \   000000   05           DB 5

   \                                 In  segment XDATA_ID, align 1, keep-with-next
   \                     `?<Initializer for zgBcastDeliveryTime>`:
   \   000000   1E           DB 30

   \                                 In  segment XDATA_ID, align 1, keep-with-next
   \                     `?<Initializer for zgNwkMode>`:
   \   000000   02           DB 2

   \                                 In  segment XDATA_ID, align 1, keep-with-next
   \                     `?<Initializer for zgConcentratorRadius>`:
   \   000000   0A           DB 10

   \                                 In  segment XDATA_ID, align 1, keep-with-next
   \                     `?<Initializer for zgNwkSrcRtgExpiryTime>`:
   \   000000   0A           DB 10

   \                                 In  segment XDATA_ID, align 1, keep-with-next
   \                     `?<Initializer for zgApscMaxFrameRetries>`:
   \   000000   03           DB 3

   \                                 In  segment XDATA_ID, align 1, keep-with-next
   \                     `?<Initializer for zgApscAckWaitDurationPolled>`:
   \   000000   B80B         DW 3000

   \                                 In  segment XDATA_ID, align 1, keep-with-next
   \                     `?<Initializer for zgApsAckWaitMultiplier>`:
   \   000000   02           DB 2

   \                                 In  segment XDATA_ID, align 1, keep-with-next
   \                     `?<Initializer for zgApsDefaultMaxBindingTime>`:
   \   000000   803E         DW 16000

   \                                 In  segment XDATA_ID, align 1, keep-with-next
   \                     `?<Initializer for zgApsUseInsecureJoin>`:
   \   000000   01           DB 1

   \                                 In  segment XDATA_ID, align 1, keep-with-next
   \                     `?<Initializer for zgApsNonMemberRadius>`:
   \   000000   02           DB 2

   \                                 In  segment XDATA_ID, align 1, keep-with-next
   \                     `?<Initializer for zgUseDefaultTCLK>`:
   \   000000   01           DB 1

   \                                 In  segment XDATA_ID, align 1, keep-with-next
   \                     `?<Initializer for zgConfigPANID>`:
   \   000000   AAFF         DW 65450

   \                                 In  segment XDATA_ID, align 1, keep-with-next
   \                     `?<Initializer for zgStartDelay>`:
   \   000000   0A           DB 10

   \                                 In  segment XDATA_ID, align 1, keep-with-next
   \                     `?<Initializer for zgNwkMgrMinTransmissions>`:
   \   000000   14           DB 20

   \                                 In  segment XDATA_ID, align 1, keep-with-next
   \                     `?<Initializer for zgNwkMgrMode>`:
   \   000000   01           DB 1

   \                                 In  segment XDATA_ID, align 1, keep-with-next
   \                     `?<Initializer for zgSapiEndpoint>`:
   \   000000   E0           DB 224

   \                                 In  segment BANK_RELAYS, align 1
   \                     ??zgInit?relay:
   \   000000   12....       LCALL   ?BDISPATCH
   \   000003   ......       DC24    zgInit

   \                                 In  segment BANK_RELAYS, align 1
   \                     ??zgInitItems?relay:
   \   000000   12....       LCALL   ?BDISPATCH
   \   000003   ......       DC24    zgInitItems

   \                                 In  segment BANK_RELAYS, align 1
   \                     ??zgReadStartupOptions?relay:
   \   000000   12....       LCALL   ?BDISPATCH
   \   000003   ......       DC24    zgReadStartupOptions

   \                                 In  segment BANK_RELAYS, align 1
   \                     ??zgWriteStartupOptions?relay:
   \   000000   12....       LCALL   ?BDISPATCH
   \   000003   ......       DC24    zgWriteStartupOptions

   \                                 In  segment BANK_RELAYS, align 1
   \                     ??zgSetItem?relay:
   \   000000   12....       LCALL   ?BDISPATCH
   \   000003   ......       DC24    zgSetItem
    624          
    625          #ifndef NONWK
    626          /*********************************************************************
    627           * @fn       zgPreconfigKeyInit()
    628           *
    629           * @brief
    630           *
    631           *   Initialize ZCD_NV_PRECFGKEY NV item. If the item doesn't exist in NV memory,
    632           *   write the system default (value passed in) into NV memory. But if
    633           *   it exists do not overwrite it.
    634           *
    635           *   Also, if setDefault is TRUE and the item exists, we will write
    636           *   the default value to NV space.
    637           *
    638           * @param   setDefault - TRUE to set default
    639           *
    640           * @return  ZSUCCESS if successful, NV_ITEM_UNINIT if item did not
    641           *          exist in NV, NV_OPER_FAILED if failure.
    642           */
    643          static uint8 zgPreconfigKeyInit( uint8 setDefault )
    644          {
    645            uint8 zgPreConfigKey[SEC_KEY_LEN];
    646            uint8 status;
    647          
    648            // Initialize the Pre-Configured Key to the default key
    649            osal_memcpy( zgPreConfigKey, defaultKey, SEC_KEY_LEN );
    650          
    651            // If the item doesn't exist in NV memory, create and initialize it
    652            status = osal_nv_item_init( ZCD_NV_PRECFGKEY, SEC_KEY_LEN, zgPreConfigKey );
    653            if ( status == ZSUCCESS )
    654            {
    655              if ( setDefault )
    656              {
    657                // Write the default value back to NV
    658                status =  osal_nv_write( ZCD_NV_PRECFGKEY, 0, SEC_KEY_LEN, zgPreConfigKey );
    659              }
    660            }
    661          
    662            // clear local copy of default key
    663            osal_memset(zgPreConfigKey, 0x00, SEC_KEY_LEN);
    664          
    665            return (status);
    666          }
    667          #endif
    668          
    669          /*********************************************************************
    670          *********************************************************************/

   Maximum stack usage in bytes:

     Function                   ISTACK PSTACK XSTACK
     --------                   ------ ------ ------
     zgInit                         0      0      9
       -> zgReadStartupOptions      0      0     18
       -> ZMacGetReq                0      0     18
       -> zgInitItems               0      0     18
       -> zgWriteStartupOptions     0      0     18
     zgInitItems                    0      0     27
       -> osal_nv_read              0      0     36
       -> osal_nv_item_init         0      0     32
       -> osal_nv_write             0      0     36
     zgReadStartupOptions           0      0     24
       -> osal_nv_item_init         0      0     26
       -> osal_nv_read              0      0     30
     zgSetItem                      0      0     16
       -> osal_memcpy               0      0     28
     zgWriteStartupOptions          0      0     24
       -> osal_nv_read              0      0     30
       -> osal_nv_write             0      0     30


   Segment part sizes:

     Function/Label                                 Bytes
     --------------                                 -----
     zgPollRate                                        2
     zgQueuedPollRate                                  2
     zgResponsePollRate                                2
     zgRejoinPollRate                                  2
     zgMaxDataRetries                                  1
     zgMaxPollFailureRetries                           1
     zgDefaultChannelList                              4
     zgDefaultStartingScanDuration                     1
     zgStackProfile                                    1
     zgIndirectMsgTimeout                              1
     zgSecurityMode                                    1
     zgSecurePermitJoin                                1
     zgTrustCenterAddr                                 2
     zgRouteDiscoveryTime                              1
     zgRouteExpiryTime                                 1
     zgExtendedPANID                                   8
     zgMaxBcastRetires                                 1
     zgPassiveAckTimeout                               1
     zgBcastDeliveryTime                               1
     zgNwkMode                                         1
     zgConcentratorEnable                              1
     zgConcentratorDiscoveryTime                       1
     zgConcentratorRadius                              1
     zgConcentratorRC                                  1
     zgNwkSrcRtgExpiryTime                             1
     zgRouterOffAssocCleanup                           1
     zgApscMaxFrameRetries                             1
     zgApscAckWaitDurationPolled                       2
     zgApsAckWaitMultiplier                            1
     zgApsDefaultMaxBindingTime                        2
     zgApsUseExtendedPANID                             8
     zgApsUseInsecureJoin                              1
     zgApsNonMemberRadius                              1
     zgPreConfigKeys                                   1
     zgUseDefaultTCLK                                  1
     zgConfigPANID                                     2
     zgDeviceLogicalType                               1
     zgStartDelay                                      1
     zgZdoDirectCB                                     1
     zgNwkMgrMinTransmissions                          1
     zgNwkMgrMode                                      1
     zgSapiEndpoint                                    1
     zgItemTable                                       6
     zgInit                                           49
     zgInitItems                                     186
     ?Subroutine1                                     13
     ?Subroutine3                                     11
     zgReadStartupOptions                             75
     ?Subroutine0                                     10
     ?Subroutine2                                      7
     ??Subroutine4_0                                  10
     zgWriteStartupOptions                           113
     zgSetItem                                       124
     ?<Initializer for zgPollRate>                     2
     ?<Initializer for zgQueuedPollRate>               2
     ?<Initializer for zgResponsePollRate>             2
     ?<Initializer for zgRejoinPollRate>               2
     ?<Initializer for zgMaxDataRetries>               1
     ?<Initializer for zgMaxPollFailureRetries>        1
     ?<Initializer for zgDefaultChannelList>           4
     ?<Initializer for zgDefaultStartingScanDuratio    1
     ?<Initializer for zgStackProfile>                 1
     ?<Initializer for zgIndirectMsgTimeout>           1
     ?<Initializer for zgSecurePermitJoin>             1
     ?<Initializer for zgRouteDiscoveryTime>           1
     ?<Initializer for zgRouteExpiryTime>              1
     ?<Initializer for zgMaxBcastRetires>              1
     ?<Initializer for zgPassiveAckTimeout>            1
     ?<Initializer for zgBcastDeliveryTime>            1
     ?<Initializer for zgNwkMode>                      1
     ?<Initializer for zgConcentratorRadius>           1
     ?<Initializer for zgNwkSrcRtgExpiryTime>          1
     ?<Initializer for zgApscMaxFrameRetries>          1
     ?<Initializer for zgApscAckWaitDurationPolled>    2
     ?<Initializer for zgApsAckWaitMultiplier>         1
     ?<Initializer for zgApsDefaultMaxBindingTime>     2
     ?<Initializer for zgApsUseInsecureJoin>           1
     ?<Initializer for zgApsNonMemberRadius>           1
     ?<Initializer for zgUseDefaultTCLK>               1
     ?<Initializer for zgConfigPANID>                  2
     ?<Initializer for zgStartDelay>                   1
     ?<Initializer for zgNwkMgrMinTransmissions>       1
     ?<Initializer for zgNwkMgrMode>                   1
     ?<Initializer for zgSapiEndpoint>                 1
     ??zgInit?relay                                    6
     ??zgInitItems?relay                               6
     ??zgReadStartupOptions?relay                      6
     ??zgWriteStartupOptions?relay                     6
     ??zgSetItem?relay                                 6

 
 598 bytes in segment BANKED_CODE
  30 bytes in segment BANK_RELAYS
   6 bytes in segment CODE_C
  41 bytes in segment XDATA_I
  41 bytes in segment XDATA_ID
  26 bytes in segment XDATA_Z
 
 675 bytes of CODE  memory
  67 bytes of XDATA memory

Errors: none
Warnings: none
